# JRE version: Java(TM) SE Runtime Environment (8.0_60-b27) (build 1.8.0_60-b27)
# Java VM: Java HotSpot(TM) 64-Bit Server VM (25.60-b23 mixed mode bsd-amd64 compressed oops)
Heap:
 PSYoungGen      total 633856K, used 183514K [0x000000016cd80000, 0x0000000197500000, 0x0000000197800000)
  eden space 628736K, 28% used [0x000000016cd80000,0x0000000177bd0630,0x0000000193380000)
  from space 5120K, 97% used [0x0000000197000000,0x00000001974e62e0,0x0000000197500000)
  to   space 8192K, 0% used [0x0000000196500000,0x0000000196500000,0x0000000196d00000)
 ParOldGen       total 89600K, used 19455K [0x0000000117800000, 0x000000011cf80000, 0x000000016cd80000)
  object space 89600K, 21% used [0x0000000117800000,0x0000000118affc20,0x000000011cf80000)
 Metaspace       used 36108K, capacity 47588K, committed 47912K, reserved 1085440K
  class space    used 8352K, capacity 11972K, committed 12072K, reserved 1048576K
GC Heap History (10 events):
Event: 10,513 GC heap before
{Heap before GC invocations=10 (full 1):
 PSYoungGen      total 370176K, used 370163K [0x000000016cd80000, 0x0000000187680000, 0x0000000197800000)
  eden space 363008K, 100% used [0x000000016cd80000,0x0000000183000000,0x0000000183000000)
  from space 7168K, 99% used [0x0000000183780000,0x0000000183e7ce68,0x0000000183e80000)
  to   space 7680K, 0% used [0x0000000183000000,0x0000000183000000,0x0000000183780000)
 ParOldGen       total 50688K, used 6515K [0x0000000117800000, 0x000000011a980000, 0x000000016cd80000)
  object space 50688K, 12% used [0x0000000117800000,0x0000000117e5ce90,0x000000011a980000)
 Metaspace       used 27072K, capacity 31526K, committed 31744K, reserved 1073152K
  class space    used 5855K, capacity 7421K, committed 7424K, reserved 1048576K
Event: 10,534 GC heap after
Heap after GC invocations=10 (full 1):
 PSYoungGen      total 370688K, used 5792K [0x000000016cd80000, 0x000000018c200000, 0x0000000197800000)
  eden space 363008K, 0% used [0x000000016cd80000,0x000000016cd80000,0x0000000183000000)
  from space 7680K, 75% used [0x0000000183000000,0x00000001835a8348,0x0000000183780000)
  to   space 7680K, 0% used [0x000000018ba80000,0x000000018ba80000,0x000000018c200000)
 ParOldGen       total 50688K, used 8771K [0x0000000117800000, 0x000000011a980000, 0x000000016cd80000)
  object space 50688K, 17% used [0x0000000117800000,0x0000000118090db8,0x000000011a980000)
 Metaspace       used 27072K, capacity 31526K, committed 31744K, reserved 1073152K
  class space    used 5855K, capacity 7421K, committed 7424K, reserved 1048576K
}
Event: 11,675 GC heap before
{Heap before GC invocations=11 (full 1):
 PSYoungGen      total 370688K, used 368800K [0x000000016cd80000, 0x000000018c200000, 0x0000000197800000)
  eden space 363008K, 100% used [0x000000016cd80000,0x0000000183000000,0x0000000183000000)
  from space 7680K, 75% used [0x0000000183000000,0x00000001835a8348,0x0000000183780000)
  to   space 7680K, 0% used [0x000000018ba80000,0x000000018ba80000,0x000000018c200000)
 ParOldGen       total 50688K, used 8771K [0x0000000117800000, 0x000000011a980000, 0x000000016cd80000)
  object space 50688K, 17% used [0x0000000117800000,0x0000000118090db8,0x000000011a980000)
 Metaspace       used 28224K, capacity 33664K, committed 33920K, reserved 1075200K
  class space    used 6239K, capacity 8055K, committed 8064K, reserved 1048576K
Event: 11,728 GC heap after
Heap after GC invocations=11 (full 1):
 PSYoungGen      total 504832K, used 6080K [0x000000016cd80000, 0x000000018c780000, 0x0000000197800000)
  eden space 497152K, 0% used [0x000000016cd80000,0x000000016cd80000,0x000000018b300000)
  from space 7680K, 79% used [0x000000018ba80000,0x000000018c070000,0x000000018c200000)
  to   space 7680K, 0% used [0x000000018b300000,0x000000018b300000,0x000000018ba80000)
 ParOldGen       total 50688K, used 13482K [0x0000000117800000, 0x000000011a980000, 0x000000016cd80000)
  object space 50688K, 26% used [0x0000000117800000,0x000000011852a910,0x000000011a980000)
 Metaspace       used 28224K, capacity 33664K, committed 33920K, reserved 1075200K
  class space    used 6239K, capacity 8055K, committed 8064K, reserved 1048576K
}
Event: 12,476 GC heap before
{Heap before GC invocations=12 (full 1):
 PSYoungGen      total 504832K, used 82340K [0x000000016cd80000, 0x000000018c780000, 0x0000000197800000)
  eden space 497152K, 15% used [0x000000016cd80000,0x00000001717f93e0,0x000000018b300000)
  from space 7680K, 79% used [0x000000018ba80000,0x000000018c070000,0x000000018c200000)
  to   space 7680K, 0% used [0x000000018b300000,0x000000018b300000,0x000000018ba80000)
 ParOldGen       total 50688K, used 13482K [0x0000000117800000, 0x000000011a980000, 0x000000016cd80000)
  object space 50688K, 26% used [0x0000000117800000,0x000000011852a910,0x000000011a980000)
 Metaspace       used 29218K, capacity 35336K, committed 35496K, reserved 1077248K
  class space    used 6486K, capacity 8587K, committed 8616K, reserved 1048576K
Event: 12,495 GC heap after
Heap after GC invocations=12 (full 1):
 PSYoungGen      total 504832K, used 819K [0x000000016cd80000, 0x0000000197800000, 0x0000000197800000)
  eden space 497152K, 0% used [0x000000016cd80000,0x000000016cd80000,0x000000018b300000)
  from space 7680K, 10% used [0x000000018b300000,0x000000018b3ccc78,0x000000018ba80000)
  to   space 8192K, 0% used [0x0000000197000000,0x0000000197000000,0x0000000197800000)
 ParOldGen       total 50688K, used 19384K [0x0000000117800000, 0x000000011a980000, 0x000000016cd80000)
  object space 50688K, 38% used [0x0000000117800000,0x0000000118aee190,0x000000011a980000)
 Metaspace       used 29218K, capacity 35336K, committed 35496K, reserved 1077248K
  class space    used 6486K, capacity 8587K, committed 8616K, reserved 1048576K
}
Event: 12,495 GC heap before
{Heap before GC invocations=13 (full 2):
 PSYoungGen      total 504832K, used 819K [0x000000016cd80000, 0x0000000197800000, 0x0000000197800000)
  eden space 497152K, 0% used [0x000000016cd80000,0x000000016cd80000,0x000000018b300000)
  from space 7680K, 10% used [0x000000018b300000,0x000000018b3ccc78,0x000000018ba80000)
  to   space 8192K, 0% used [0x0000000197000000,0x0000000197000000,0x0000000197800000)
 ParOldGen       total 50688K, used 19384K [0x0000000117800000, 0x000000011a980000, 0x000000016cd80000)
  object space 50688K, 38% used [0x0000000117800000,0x0000000118aee190,0x000000011a980000)
 Metaspace       used 29218K, capacity 35336K, committed 35496K, reserved 1077248K
  class space    used 6486K, capacity 8587K, committed 8616K, reserved 1048576K
Event: 12,838 GC heap after
Heap after GC invocations=13 (full 2):
 PSYoungGen      total 504832K, used 0K [0x000000016cd80000, 0x0000000197800000, 0x0000000197800000)
  eden space 497152K, 0% used [0x000000016cd80000,0x000000016cd80000,0x000000018b300000)
  from space 7680K, 0% used [0x000000018b300000,0x000000018b300000,0x000000018ba80000)
  to   space 8192K, 0% used [0x0000000197000000,0x0000000197000000,0x0000000197800000)
 ParOldGen       total 89600K, used 19447K [0x0000000117800000, 0x000000011cf80000, 0x000000016cd80000)
  object space 89600K, 21% used [0x0000000117800000,0x0000000118afdc20,0x000000011cf80000)
 Metaspace       used 29218K, capacity 35336K, committed 35496K, reserved 1077248K
  class space    used 6486K, capacity 8587K, committed 8616K, reserved 1048576K
}
Event: 16,084 GC heap before
{Heap before GC invocations=14 (full 2):
 PSYoungGen      total 504832K, used 497152K [0x000000016cd80000, 0x0000000197800000, 0x0000000197800000)
  eden space 497152K, 100% used [0x000000016cd80000,0x000000018b300000,0x000000018b300000)
  from space 7680K, 0% used [0x000000018b300000,0x000000018b300000,0x000000018ba80000)
  to   space 8192K, 0% used [0x0000000197000000,0x0000000197000000,0x0000000197800000)
 ParOldGen       total 89600K, used 19447K [0x0000000117800000, 0x000000011cf80000, 0x000000016cd80000)
  object space 89600K, 21% used [0x0000000117800000,0x0000000118afdc20,0x000000011cf80000)
 Metaspace       used 33467K, capacity 43596K, committed 43816K, reserved 1083392K
  class space    used 7580K, capacity 10787K, committed 10792K, reserved 1048576K
Event: 16,101 GC heap after
Heap after GC invocations=14 (full 2):
 PSYoungGen      total 633856K, used 5016K [0x000000016cd80000, 0x0000000197500000, 0x0000000197800000)
  eden space 628736K, 0% used [0x000000016cd80000,0x000000016cd80000,0x0000000193380000)
  from space 5120K, 97% used [0x0000000197000000,0x00000001974e62e0,0x0000000197500000)
  to   space 8192K, 0% used [0x0000000196500000,0x0000000196500000,0x0000000196d00000)
 ParOldGen       total 89600K, used 19455K [0x0000000117800000, 0x000000011cf80000, 0x000000016cd80000)
  object space 89600K, 21% used [0x0000000117800000,0x0000000118affc20,0x000000011cf80000)
 Metaspace       used 33467K, capacity 43596K, committed 43816K, reserved 1083392K
  class space    used 7580K, capacity 10787K, committed 10792K, reserved 1048576K
}

