# JRE version: Java(TM) SE Runtime Environment (8.0_60-b27) (build 1.8.0_60-b27)
# Java VM: Java HotSpot(TM) 64-Bit Server VM (25.60-b23 mixed mode bsd-amd64 compressed oops)
Heap:
 PSYoungGen      total 473088K, used 412749K [0x0000000167d80000, 0x0000000187380000, 0x0000000192800000)
  eden space 469504K, 87% used [0x0000000167d80000,0x0000000180d228d0,0x0000000184800000)
  from space 3584K, 98% used [0x0000000187000000,0x0000000187370ce0,0x0000000187380000)
  to   space 11776K, 0% used [0x0000000185c80000,0x0000000185c80000,0x0000000186800000)
 ParOldGen       total 95232K, used 19671K [0x0000000112800000, 0x0000000118500000, 0x0000000167d80000)
  object space 95232K, 20% used [0x0000000112800000,0x0000000113b35f30,0x0000000118500000)
 Metaspace       used 38972K, capacity 51316K, committed 51496K, reserved 1087488K
  class space    used 9447K, capacity 13490K, committed 13608K, reserved 1048576K
GC Heap History (10 events):
Event: 8.116 GC heap before
{Heap before GC invocations=10 (full 1):
 PSYoungGen      total 276992K, used 276418K [0x0000000167d80000, 0x000000017ab00000, 0x0000000192800000)
  eden space 268800K, 100% used [0x0000000167d80000,0x0000000178400000,0x0000000178400000)
  from space 8192K, 92% used [0x0000000178c80000,0x00000001793f08a8,0x0000000179480000)
  to   space 8704K, 0% used [0x0000000178400000,0x0000000178400000,0x0000000178c80000)
 ParOldGen       total 59904K, used 7523K [0x0000000112800000, 0x0000000116280000, 0x0000000167d80000)
  object space 59904K, 12% used [0x0000000112800000,0x0000000112f58d80,0x0000000116280000)
 Metaspace       used 28017K, capacity 33024K, committed 33280K, reserved 1075200K
  class space    used 6299K, capacity 8089K, committed 8192K, reserved 1048576K
Event: 8.137 GC heap after
Heap after GC invocations=10 (full 1):
 PSYoungGen      total 277504K, used 8402K [0x0000000167d80000, 0x000000017ef80000, 0x0000000192800000)
  eden space 268800K, 0% used [0x0000000167d80000,0x0000000167d80000,0x0000000178400000)
  from space 8704K, 96% used [0x0000000178400000,0x0000000178c348b8,0x0000000178c80000)
  to   space 9728K, 0% used [0x000000017e600000,0x000000017e600000,0x000000017ef80000)
 ParOldGen       total 59904K, used 7523K [0x0000000112800000, 0x0000000116280000, 0x0000000167d80000)
  object space 59904K, 12% used [0x0000000112800000,0x0000000112f58d80,0x0000000116280000)
 Metaspace       used 28017K, capacity 33024K, committed 33280K, reserved 1075200K
  class space    used 6299K, capacity 8089K, committed 8192K, reserved 1048576K
}
Event: 8.853 GC heap before
{Heap before GC invocations=11 (full 1):
 PSYoungGen      total 277504K, used 277202K [0x0000000167d80000, 0x000000017ef80000, 0x0000000192800000)
  eden space 268800K, 100% used [0x0000000167d80000,0x0000000178400000,0x0000000178400000)
  from space 8704K, 96% used [0x0000000178400000,0x0000000178c348b8,0x0000000178c80000)
  to   space 9728K, 0% used [0x000000017e600000,0x000000017e600000,0x000000017ef80000)
 ParOldGen       total 59904K, used 7523K [0x0000000112800000, 0x0000000116280000, 0x0000000167d80000)
  object space 59904K, 12% used [0x0000000112800000,0x0000000112f58d80,0x0000000116280000)
 Metaspace       used 28777K, capacity 34346K, committed 34688K, reserved 1075200K
  class space    used 6551K, capacity 8475K, committed 8576K, reserved 1048576K
Event: 8.891 GC heap after
Heap after GC invocations=11 (full 1):
 PSYoungGen      total 367104K, used 9724K [0x0000000167d80000, 0x000000017f900000, 0x0000000192800000)
  eden space 357376K, 0% used [0x0000000167d80000,0x0000000167d80000,0x000000017da80000)
  from space 9728K, 99% used [0x000000017e600000,0x000000017ef7f268,0x000000017ef80000)
  to   space 11776K, 0% used [0x000000017da80000,0x000000017da80000,0x000000017e600000)
 ParOldGen       total 59904K, used 10561K [0x0000000112800000, 0x0000000116280000, 0x0000000167d80000)
  object space 59904K, 17% used [0x0000000112800000,0x00000001132505e0,0x0000000116280000)
 Metaspace       used 28777K, capacity 34346K, committed 34688K, reserved 1075200K
  class space    used 6551K, capacity 8475K, committed 8576K, reserved 1048576K
}
Event: 9.219 GC heap before
{Heap before GC invocations=12 (full 1):
 PSYoungGen      total 367104K, used 88112K [0x0000000167d80000, 0x000000017f900000, 0x0000000192800000)
  eden space 357376K, 21% used [0x0000000167d80000,0x000000016ca0d148,0x000000017da80000)
  from space 9728K, 99% used [0x000000017e600000,0x000000017ef7f268,0x000000017ef80000)
  to   space 11776K, 0% used [0x000000017da80000,0x000000017da80000,0x000000017e600000)
 ParOldGen       total 59904K, used 10561K [0x0000000112800000, 0x0000000116280000, 0x0000000167d80000)
  object space 59904K, 17% used [0x0000000112800000,0x00000001132505e0,0x0000000116280000)
 Metaspace       used 29450K, capacity 35462K, committed 35496K, reserved 1075200K
  class space    used 6777K, capacity 8871K, committed 8872K, reserved 1048576K
Event: 9.248 GC heap after
Heap after GC invocations=12 (full 1):
 PSYoungGen      total 369152K, used 7584K [0x0000000167d80000, 0x0000000187b00000, 0x0000000192800000)
  eden space 357376K, 0% used [0x0000000167d80000,0x0000000167d80000,0x000000017da80000)
  from space 11776K, 64% used [0x000000017da80000,0x000000017e1e8000,0x000000017e600000)
  to   space 11264K, 0% used [0x0000000187000000,0x0000000187000000,0x0000000187b00000)
 ParOldGen       total 59904K, used 13230K [0x0000000112800000, 0x0000000116280000, 0x0000000167d80000)
  object space 59904K, 22% used [0x0000000112800000,0x00000001134eb960,0x0000000116280000)
 Metaspace       used 29450K, capacity 35462K, committed 35496K, reserved 1075200K
  class space    used 6777K, capacity 8871K, committed 8872K, reserved 1048576K
}
Event: 9.248 GC heap before
{Heap before GC invocations=13 (full 2):
 PSYoungGen      total 369152K, used 7584K [0x0000000167d80000, 0x0000000187b00000, 0x0000000192800000)
  eden space 357376K, 0% used [0x0000000167d80000,0x0000000167d80000,0x000000017da80000)
  from space 11776K, 64% used [0x000000017da80000,0x000000017e1e8000,0x000000017e600000)
  to   space 11264K, 0% used [0x0000000187000000,0x0000000187000000,0x0000000187b00000)
 ParOldGen       total 59904K, used 13230K [0x0000000112800000, 0x0000000116280000, 0x0000000167d80000)
  object space 59904K, 22% used [0x0000000112800000,0x00000001134eb960,0x0000000116280000)
 Metaspace       used 29450K, capacity 35462K, committed 35496K, reserved 1075200K
  class space    used 6777K, capacity 8871K, committed 8872K, reserved 1048576K
Event: 9.493 GC heap after
Heap after GC invocations=13 (full 2):
 PSYoungGen      total 369152K, used 0K [0x0000000167d80000, 0x0000000187b00000, 0x0000000192800000)
  eden space 357376K, 0% used [0x0000000167d80000,0x0000000167d80000,0x000000017da80000)
  from space 11776K, 0% used [0x000000017da80000,0x000000017da80000,0x000000017e600000)
  to   space 11264K, 0% used [0x0000000187000000,0x0000000187000000,0x0000000187b00000)
 ParOldGen       total 95232K, used 19663K [0x0000000112800000, 0x0000000118500000, 0x0000000167d80000)
  object space 95232K, 20% used [0x0000000112800000,0x0000000113b33f30,0x0000000118500000)
 Metaspace       used 29450K, capacity 35462K, committed 35496K, reserved 1075200K
  class space    used 6777K, capacity 8871K, committed 8872K, reserved 1048576K
}
Event: 11.375 GC heap before
{Heap before GC invocations=14 (full 2):
 PSYoungGen      total 369152K, used 357376K [0x0000000167d80000, 0x0000000187b00000, 0x0000000192800000)
  eden space 357376K, 100% used [0x0000000167d80000,0x000000017da80000,0x000000017da80000)
  from space 11776K, 0% used [0x000000017da80000,0x000000017da80000,0x000000017e600000)
  to   space 11264K, 0% used [0x0000000187000000,0x0000000187000000,0x0000000187b00000)
 ParOldGen       total 95232K, used 19663K [0x0000000112800000, 0x0000000118500000, 0x0000000167d80000)
  object space 95232K, 20% used [0x0000000112800000,0x0000000113b33f30,0x0000000118500000)
 Metaspace       used 32924K, capacity 41010K, committed 41128K, reserved 1079296K
  class space    used 7688K, capacity 10399K, committed 10408K, reserved 1048576K
Event: 11.389 GC heap after
Heap after GC invocations=14 (full 2):
 PSYoungGen      total 473088K, used 3523K [0x0000000167d80000, 0x0000000187380000, 0x0000000192800000)
  eden space 469504K, 0% used [0x0000000167d80000,0x0000000167d80000,0x0000000184800000)
  from space 3584K, 98% used [0x0000000187000000,0x0000000187370ce0,0x0000000187380000)
  to   space 11776K, 0% used [0x0000000185c80000,0x0000000185c80000,0x0000000186800000)
 ParOldGen       total 95232K, used 19671K [0x0000000112800000, 0x0000000118500000, 0x0000000167d80000)
  object space 95232K, 20% used [0x0000000112800000,0x0000000113b35f30,0x0000000118500000)
 Metaspace       used 32924K, capacity 41010K, committed 41128K, reserved 1079296K
  class space    used 7688K, capacity 10399K, committed 10408K, reserved 1048576K
}

