# JRE version: Java(TM) SE Runtime Environment (8.0_60-b27) (build 1.8.0_60-b27)
# Java VM: Java HotSpot(TM) 64-Bit Server VM (25.60-b23 mixed mode bsd-amd64 compressed oops)
Heap:
 PSYoungGen      total 507904K, used 393631K [0x0000000795580000, 0x00000007b7680000, 0x00000007c0000000)
  eden space 503808K, 77% used [0x0000000795580000,0x00000007ad21a478,0x00000007b4180000)
  from space 4096K, 95% used [0x00000007b7280000,0x00000007b764d978,0x00000007b7680000)
  to   space 12288K, 0% used [0x00000007b5e80000,0x00000007b5e80000,0x00000007b6a80000)
 ParOldGen       total 93696K, used 19769K [0x0000000740000000, 0x0000000745b80000, 0x0000000795580000)
  object space 93696K, 21% used [0x0000000740000000,0x000000074134e610,0x0000000745b80000)
 Metaspace       used 39222K, capacity 51590K, committed 51800K, reserved 1087488K
  class space    used 9495K, capacity 13555K, committed 13656K, reserved 1048576K
GC Heap History (10 events):
Event: 8,215 GC heap before
{Heap before GC invocations=10 (full 1):
 PSYoungGen      total 282624K, used 282051K [0x0000000795580000, 0x00000007a9800000, 0x00000007c0000000)
  eden space 273920K, 100% used [0x0000000795580000,0x00000007a6100000,0x00000007a6100000)
  from space 8704K, 93% used [0x00000007a6a00000,0x00000007a71f0d68,0x00000007a7280000)
  to   space 9216K, 0% used [0x00000007a6100000,0x00000007a6100000,0x00000007a6a00000)
 ParOldGen       total 59904K, used 7879K [0x0000000740000000, 0x0000000743a80000, 0x0000000795580000)
  object space 59904K, 13% used [0x0000000740000000,0x00000007407b1e68,0x0000000743a80000)
 Metaspace       used 28331K, capacity 33330K, committed 33536K, reserved 1075200K
  class space    used 6364K, capacity 8146K, committed 8192K, reserved 1048576K
Event: 8,236 GC heap after
Heap after GC invocations=10 (full 1):
 PSYoungGen      total 283136K, used 8972K [0x0000000795580000, 0x00000007adc00000, 0x00000007c0000000)
  eden space 273920K, 0% used [0x0000000795580000,0x0000000795580000,0x00000007a6100000)
  from space 9216K, 97% used [0x00000007a6100000,0x00000007a69c3298,0x00000007a6a00000)
  to   space 10240K, 0% used [0x00000007ad200000,0x00000007ad200000,0x00000007adc00000)
 ParOldGen       total 59904K, used 7887K [0x0000000740000000, 0x0000000743a80000, 0x0000000795580000)
  object space 59904K, 13% used [0x0000000740000000,0x00000007407b3e68,0x0000000743a80000)
 Metaspace       used 28331K, capacity 33330K, committed 33536K, reserved 1075200K
  class space    used 6364K, capacity 8146K, committed 8192K, reserved 1048576K
}
Event: 8,868 GC heap before
{Heap before GC invocations=11 (full 1):
 PSYoungGen      total 283136K, used 282892K [0x0000000795580000, 0x00000007adc00000, 0x00000007c0000000)
  eden space 273920K, 100% used [0x0000000795580000,0x00000007a6100000,0x00000007a6100000)
  from space 9216K, 97% used [0x00000007a6100000,0x00000007a69c3298,0x00000007a6a00000)
  to   space 10240K, 0% used [0x00000007ad200000,0x00000007ad200000,0x00000007adc00000)
 ParOldGen       total 59904K, used 7887K [0x0000000740000000, 0x0000000743a80000, 0x0000000795580000)
  object space 59904K, 13% used [0x0000000740000000,0x00000007407b3e68,0x0000000743a80000)
 Metaspace       used 29037K, capacity 34516K, committed 34688K, reserved 1075200K
  class space    used 6598K, capacity 8508K, committed 8576K, reserved 1048576K
Event: 8,902 GC heap after
Heap after GC invocations=11 (full 1):
 PSYoungGen      total 387584K, used 10220K [0x0000000795580000, 0x00000007ae200000, 0x00000007c0000000)
  eden space 377344K, 0% used [0x0000000795580000,0x0000000795580000,0x00000007ac600000)
  from space 10240K, 99% used [0x00000007ad200000,0x00000007adbfb278,0x00000007adc00000)
  to   space 12288K, 0% used [0x00000007ac600000,0x00000007ac600000,0x00000007ad200000)
 ParOldGen       total 59904K, used 10920K [0x0000000740000000, 0x0000000743a80000, 0x0000000795580000)
  object space 59904K, 18% used [0x0000000740000000,0x0000000740aaa0a8,0x0000000743a80000)
 Metaspace       used 29037K, capacity 34516K, committed 34688K, reserved 1075200K
  class space    used 6598K, capacity 8508K, committed 8576K, reserved 1048576K
}
Event: 9,118 GC heap before
{Heap before GC invocations=12 (full 1):
 PSYoungGen      total 387584K, used 70360K [0x0000000795580000, 0x00000007ae200000, 0x00000007c0000000)
  eden space 377344K, 15% used [0x0000000795580000,0x000000079903b130,0x00000007ac600000)
  from space 10240K, 99% used [0x00000007ad200000,0x00000007adbfb278,0x00000007adc00000)
  to   space 12288K, 0% used [0x00000007ac600000,0x00000007ac600000,0x00000007ad200000)
 ParOldGen       total 59904K, used 10920K [0x0000000740000000, 0x0000000743a80000, 0x0000000795580000)
  object space 59904K, 18% used [0x0000000740000000,0x0000000740aaa0a8,0x0000000743a80000)
 Metaspace       used 29498K, capacity 35344K, committed 35416K, reserved 1075200K
  class space    used 6765K, capacity 8772K, committed 8792K, reserved 1048576K
Event: 9,147 GC heap after
Heap after GC invocations=12 (full 1):
 PSYoungGen      total 389632K, used 7712K [0x0000000795580000, 0x00000007b7e00000, 0x00000007c0000000)
  eden space 377344K, 0% used [0x0000000795580000,0x0000000795580000,0x00000007ac600000)
  from space 12288K, 62% used [0x00000007ac600000,0x00000007acd88000,0x00000007ad200000)
  to   space 11776K, 0% used [0x00000007b7280000,0x00000007b7280000,0x00000007b7e00000)
 ParOldGen       total 59904K, used 14005K [0x0000000740000000, 0x0000000743a80000, 0x0000000795580000)
  object space 59904K, 23% used [0x0000000740000000,0x0000000740dad438,0x0000000743a80000)
 Metaspace       used 29498K, capacity 35344K, committed 35416K, reserved 1075200K
  class space    used 6765K, capacity 8772K, committed 8792K, reserved 1048576K
}
Event: 9,148 GC heap before
{Heap before GC invocations=13 (full 2):
 PSYoungGen      total 389632K, used 7712K [0x0000000795580000, 0x00000007b7e00000, 0x00000007c0000000)
  eden space 377344K, 0% used [0x0000000795580000,0x0000000795580000,0x00000007ac600000)
  from space 12288K, 62% used [0x00000007ac600000,0x00000007acd88000,0x00000007ad200000)
  to   space 11776K, 0% used [0x00000007b7280000,0x00000007b7280000,0x00000007b7e00000)
 ParOldGen       total 59904K, used 14005K [0x0000000740000000, 0x0000000743a80000, 0x0000000795580000)
  object space 59904K, 23% used [0x0000000740000000,0x0000000740dad438,0x0000000743a80000)
 Metaspace       used 29498K, capacity 35344K, committed 35416K, reserved 1075200K
  class space    used 6765K, capacity 8772K, committed 8792K, reserved 1048576K
Event: 9,444 GC heap after
Heap after GC invocations=13 (full 2):
 PSYoungGen      total 389632K, used 0K [0x0000000795580000, 0x00000007b7e00000, 0x00000007c0000000)
  eden space 377344K, 0% used [0x0000000795580000,0x0000000795580000,0x00000007ac600000)
  from space 12288K, 0% used [0x00000007ac600000,0x00000007ac600000,0x00000007ad200000)
  to   space 11776K, 0% used [0x00000007b7280000,0x00000007b7280000,0x00000007b7e00000)
 ParOldGen       total 93696K, used 19761K [0x0000000740000000, 0x0000000745b80000, 0x0000000795580000)
  object space 93696K, 21% used [0x0000000740000000,0x000000074134c610,0x0000000745b80000)
 Metaspace       used 29498K, capacity 35344K, committed 35416K, reserved 1075200K
  class space    used 6765K, capacity 8772K, committed 8792K, reserved 1048576K
}
Event: 11,368 GC heap before
{Heap before GC invocations=14 (full 2):
 PSYoungGen      total 389632K, used 377344K [0x0000000795580000, 0x00000007b7e00000, 0x00000007c0000000)
  eden space 377344K, 100% used [0x0000000795580000,0x00000007ac600000,0x00000007ac600000)
  from space 12288K, 0% used [0x00000007ac600000,0x00000007ac600000,0x00000007ad200000)
  to   space 11776K, 0% used [0x00000007b7280000,0x00000007b7280000,0x00000007b7e00000)
 ParOldGen       total 93696K, used 19761K [0x0000000740000000, 0x0000000745b80000, 0x0000000795580000)
  object space 93696K, 21% used [0x0000000740000000,0x000000074134c610,0x0000000745b80000)
 Metaspace       used 33209K, capacity 41388K, committed 41560K, reserved 1081344K
  class space    used 7745K, capacity 10476K, committed 10584K, reserved 1048576K
Event: 11,385 GC heap after
Heap after GC invocations=14 (full 2):
 PSYoungGen      total 507904K, used 3894K [0x0000000795580000, 0x00000007b7680000, 0x00000007c0000000)
  eden space 503808K, 0% used [0x0000000795580000,0x0000000795580000,0x00000007b4180000)
  from space 4096K, 95% used [0x00000007b7280000,0x00000007b764d978,0x00000007b7680000)
  to   space 12288K, 0% used [0x00000007b5e80000,0x00000007b5e80000,0x00000007b6a80000)
 ParOldGen       total 93696K, used 19769K [0x0000000740000000, 0x0000000745b80000, 0x0000000795580000)
  object space 93696K, 21% used [0x0000000740000000,0x000000074134e610,0x0000000745b80000)
 Metaspace       used 33209K, capacity 41388K, committed 41560K, reserved 1081344K
  class space    used 7745K, capacity 10476K, committed 10584K, reserved 1048576K
}

