# JRE version: Java(TM) SE Runtime Environment (8.0_60-b27) (build 1.8.0_60-b27)
# Java VM: Java HotSpot(TM) 64-Bit Server VM (25.60-b23 mixed mode bsd-amd64 compressed oops)
Heap:
 PSYoungGen      total 659456K, used 166235K [0x0000000795580000, 0x00000007bfd00000, 0x00000007c0000000)
  eden space 654336K, 24% used [0x0000000795580000,0x000000079f2f4bb8,0x00000007bd480000)
  from space 5120K, 97% used [0x00000007bf800000,0x00000007bfce22f0,0x00000007bfd00000)
  to   space 8192K, 0% used [0x00000007bed00000,0x00000007bed00000,0x00000007bf500000)
 ParOldGen       total 86528K, used 19452K [0x0000000740000000, 0x0000000745480000, 0x0000000795580000)
  object space 86528K, 22% used [0x0000000740000000,0x00000007412ff038,0x0000000745480000)
 Metaspace       used 36108K, capacity 47660K, committed 47912K, reserved 1085440K
  class space    used 8352K, capacity 11972K, committed 12072K, reserved 1048576K
GC Heap History (10 events):
Event: 9,747 GC heap before
{Heap before GC invocations=10 (full 1):
 PSYoungGen      total 378880K, used 378849K [0x0000000795580000, 0x00000007b0180000, 0x00000007c0000000)
  eden space 372224K, 100% used [0x0000000795580000,0x00000007ac100000,0x00000007ac100000)
  from space 6656K, 99% used [0x00000007ac880000,0x00000007acef87c0,0x00000007acf00000)
  to   space 7680K, 0% used [0x00000007ac100000,0x00000007ac100000,0x00000007ac880000)
 ParOldGen       total 49664K, used 7190K [0x0000000740000000, 0x0000000743080000, 0x0000000795580000)
  object space 49664K, 14% used [0x0000000740000000,0x0000000740705b68,0x0000000743080000)
 Metaspace       used 27061K, capacity 31530K, committed 31744K, reserved 1073152K
  class space    used 5855K, capacity 7421K, committed 7424K, reserved 1048576K
Event: 9,766 GC heap after
Heap after GC invocations=10 (full 1):
 PSYoungGen      total 379904K, used 5537K [0x0000000795580000, 0x00000007b5700000, 0x00000007c0000000)
  eden space 372224K, 0% used [0x0000000795580000,0x0000000795580000,0x00000007ac100000)
  from space 7680K, 72% used [0x00000007ac100000,0x00000007ac6687c0,0x00000007ac880000)
  to   space 7680K, 0% used [0x00000007b4f80000,0x00000007b4f80000,0x00000007b5700000)
 ParOldGen       total 49664K, used 9242K [0x0000000740000000, 0x0000000743080000, 0x0000000795580000)
  object space 49664K, 18% used [0x0000000740000000,0x0000000740906aa0,0x0000000743080000)
 Metaspace       used 27061K, capacity 31530K, committed 31744K, reserved 1073152K
  class space    used 5855K, capacity 7421K, committed 7424K, reserved 1048576K
}
Event: 10,885 GC heap before
{Heap before GC invocations=11 (full 1):
 PSYoungGen      total 379904K, used 377761K [0x0000000795580000, 0x00000007b5700000, 0x00000007c0000000)
  eden space 372224K, 100% used [0x0000000795580000,0x00000007ac100000,0x00000007ac100000)
  from space 7680K, 72% used [0x00000007ac100000,0x00000007ac6687c0,0x00000007ac880000)
  to   space 7680K, 0% used [0x00000007b4f80000,0x00000007b4f80000,0x00000007b5700000)
 ParOldGen       total 49664K, used 9242K [0x0000000740000000, 0x0000000743080000, 0x0000000795580000)
  object space 49664K, 18% used [0x0000000740000000,0x0000000740906aa0,0x0000000743080000)
 Metaspace       used 28484K, capacity 34162K, committed 34432K, reserved 1075200K
  class space    used 6316K, capacity 8213K, committed 8320K, reserved 1048576K
Event: 10,915 GC heap after
Heap after GC invocations=11 (full 1):
 PSYoungGen      total 514560K, used 6416K [0x0000000795580000, 0x00000007b5600000, 0x00000007c0000000)
  eden space 507904K, 0% used [0x0000000795580000,0x0000000795580000,0x00000007b4580000)
  from space 6656K, 96% used [0x00000007b4f80000,0x00000007b55c4010,0x00000007b5600000)
  to   space 7680K, 0% used [0x00000007b4700000,0x00000007b4700000,0x00000007b4e80000)
 ParOldGen       total 49664K, used 13670K [0x0000000740000000, 0x0000000743080000, 0x0000000795580000)
  object space 49664K, 27% used [0x0000000740000000,0x0000000740d59840,0x0000000743080000)
 Metaspace       used 28484K, capacity 34162K, committed 34432K, reserved 1075200K
  class space    used 6316K, capacity 8213K, committed 8320K, reserved 1048576K
}
Event: 11,297 GC heap before
{Heap before GC invocations=12 (full 1):
 PSYoungGen      total 514560K, used 64467K [0x0000000795580000, 0x00000007b5600000, 0x00000007c0000000)
  eden space 507904K, 11% used [0x0000000795580000,0x0000000798e30e90,0x00000007b4580000)
  from space 6656K, 96% used [0x00000007b4f80000,0x00000007b55c4010,0x00000007b5600000)
  to   space 7680K, 0% used [0x00000007b4700000,0x00000007b4700000,0x00000007b4e80000)
 ParOldGen       total 49664K, used 13670K [0x0000000740000000, 0x0000000743080000, 0x0000000795580000)
  object space 49664K, 27% used [0x0000000740000000,0x0000000740d59840,0x0000000743080000)
 Metaspace       used 29212K, capacity 35408K, committed 35496K, reserved 1077248K
  class space    used 6486K, capacity 8587K, committed 8616K, reserved 1048576K
Event: 11,315 GC heap after
Heap after GC invocations=12 (full 1):
 PSYoungGen      total 517120K, used 512K [0x0000000795580000, 0x00000007c0000000, 0x00000007c0000000)
  eden space 509440K, 0% used [0x0000000795580000,0x0000000795580000,0x00000007b4700000)
  from space 7680K, 6% used [0x00000007b4700000,0x00000007b4780000,0x00000007b4e80000)
  to   space 8192K, 0% used [0x00000007bf800000,0x00000007bf800000,0x00000007c0000000)
 ParOldGen       total 49664K, used 19898K [0x0000000740000000, 0x0000000743080000, 0x0000000795580000)
  object space 49664K, 40% used [0x0000000740000000,0x000000074136e8c8,0x0000000743080000)
 Metaspace       used 29212K, capacity 35408K, committed 35496K, reserved 1077248K
  class space    used 6486K, capacity 8587K, committed 8616K, reserved 1048576K
}
Event: 11,315 GC heap before
{Heap before GC invocations=13 (full 2):
 PSYoungGen      total 517120K, used 512K [0x0000000795580000, 0x00000007c0000000, 0x00000007c0000000)
  eden space 509440K, 0% used [0x0000000795580000,0x0000000795580000,0x00000007b4700000)
  from space 7680K, 6% used [0x00000007b4700000,0x00000007b4780000,0x00000007b4e80000)
  to   space 8192K, 0% used [0x00000007bf800000,0x00000007bf800000,0x00000007c0000000)
 ParOldGen       total 49664K, used 19898K [0x0000000740000000, 0x0000000743080000, 0x0000000795580000)
  object space 49664K, 40% used [0x0000000740000000,0x000000074136e8c8,0x0000000743080000)
 Metaspace       used 29212K, capacity 35408K, committed 35496K, reserved 1077248K
  class space    used 6486K, capacity 8587K, committed 8616K, reserved 1048576K
Event: 11,611 GC heap after
Heap after GC invocations=13 (full 2):
 PSYoungGen      total 517120K, used 0K [0x0000000795580000, 0x00000007c0000000, 0x00000007c0000000)
  eden space 509440K, 0% used [0x0000000795580000,0x0000000795580000,0x00000007b4700000)
  from space 7680K, 0% used [0x00000007b4700000,0x00000007b4700000,0x00000007b4e80000)
  to   space 8192K, 0% used [0x00000007bf800000,0x00000007bf800000,0x00000007c0000000)
 ParOldGen       total 86528K, used 19444K [0x0000000740000000, 0x0000000745480000, 0x0000000795580000)
  object space 86528K, 22% used [0x0000000740000000,0x00000007412fd038,0x0000000745480000)
 Metaspace       used 29212K, capacity 35408K, committed 35496K, reserved 1077248K
  class space    used 6486K, capacity 8587K, committed 8616K, reserved 1048576K
}
Event: 14,312 GC heap before
{Heap before GC invocations=14 (full 2):
 PSYoungGen      total 517120K, used 509440K [0x0000000795580000, 0x00000007c0000000, 0x00000007c0000000)
  eden space 509440K, 100% used [0x0000000795580000,0x00000007b4700000,0x00000007b4700000)
  from space 7680K, 0% used [0x00000007b4700000,0x00000007b4700000,0x00000007b4e80000)
  to   space 8192K, 0% used [0x00000007bf800000,0x00000007bf800000,0x00000007c0000000)
 ParOldGen       total 86528K, used 19444K [0x0000000740000000, 0x0000000745480000, 0x0000000795580000)
  object space 86528K, 22% used [0x0000000740000000,0x00000007412fd038,0x0000000745480000)
 Metaspace       used 33766K, capacity 44236K, committed 44584K, reserved 1083392K
  class space    used 7669K, capacity 10935K, committed 11048K, reserved 1048576K
Event: 14,333 GC heap after
Heap after GC invocations=14 (full 2):
 PSYoungGen      total 659456K, used 5000K [0x0000000795580000, 0x00000007bfd00000, 0x00000007c0000000)
  eden space 654336K, 0% used [0x0000000795580000,0x0000000795580000,0x00000007bd480000)
  from space 5120K, 97% used [0x00000007bf800000,0x00000007bfce22f0,0x00000007bfd00000)
  to   space 8192K, 0% used [0x00000007bed00000,0x00000007bed00000,0x00000007bf500000)
 ParOldGen       total 86528K, used 19452K [0x0000000740000000, 0x0000000745480000, 0x0000000795580000)
  object space 86528K, 22% used [0x0000000740000000,0x00000007412ff038,0x0000000745480000)
 Metaspace       used 33766K, capacity 44236K, committed 44584K, reserved 1083392K
  class space    used 7669K, capacity 10935K, committed 11048K, reserved 1048576K
}

