# JRE version: Java(TM) SE Runtime Environment (8.0_60-b27) (build 1.8.0_60-b27)
# Java VM: Java HotSpot(TM) 64-Bit Server VM (25.60-b23 mixed mode bsd-amd64 compressed oops)
Heap:
 PSYoungGen      total 503808K, used 21542K [0x0000000171380000, 0x0000000191700000, 0x000000019be00000)
  eden space 494592K, 2% used [0x0000000171380000,0x0000000171fb7338,0x000000018f680000)
  from space 9216K, 98% used [0x0000000190e00000,0x00000001916d2510,0x0000000191700000)
  to   space 11264K, 0% used [0x0000000190100000,0x0000000190100000,0x0000000190c00000)
 ParOldGen       total 91648K, used 19692K [0x000000011be00000, 0x0000000121780000, 0x0000000171380000)
  object space 91648K, 21% used [0x000000011be00000,0x000000011d13b358,0x0000000121780000)
 Metaspace       used 38987K, capacity 51320K, committed 51496K, reserved 1087488K
  class space    used 9447K, capacity 13490K, committed 13608K, reserved 1048576K
GC Heap History (10 events):
Event: 10,998 GC heap before
{Heap before GC invocations=14 (full 1):
 PSYoungGen      total 274944K, used 273597K [0x0000000171380000, 0x0000000182e00000, 0x000000019be00000)
  eden space 265216K, 100% used [0x0000000171380000,0x0000000181680000,0x0000000181680000)
  from space 9728K, 86% used [0x0000000182080000,0x00000001828af728,0x0000000182a00000)
  to   space 10240K, 0% used [0x0000000181680000,0x0000000181680000,0x0000000182080000)
 ParOldGen       total 57856K, used 8656K [0x000000011be00000, 0x000000011f680000, 0x0000000171380000)
  object space 57856K, 14% used [0x000000011be00000,0x000000011c674008,0x000000011f680000)
 Metaspace       used 28802K, capacity 34364K, committed 34688K, reserved 1075200K
  class space    used 6556K, capacity 8481K, committed 8576K, reserved 1048576K
Event: 11,029 GC heap after
Heap after GC invocations=14 (full 1):
 PSYoungGen      total 275456K, used 7792K [0x0000000171380000, 0x0000000189a80000, 0x000000019be00000)
  eden space 265216K, 0% used [0x0000000171380000,0x0000000171380000,0x0000000181680000)
  from space 10240K, 76% used [0x0000000181680000,0x0000000181e1c010,0x0000000182080000)
  to   space 10752K, 0% used [0x0000000189000000,0x0000000189000000,0x0000000189a80000)
 ParOldGen       total 57856K, used 12685K [0x000000011be00000, 0x000000011f680000, 0x0000000171380000)
  object space 57856K, 21% used [0x000000011be00000,0x000000011ca63750,0x000000011f680000)
 Metaspace       used 28802K, capacity 34364K, committed 34688K, reserved 1075200K
  class space    used 6556K, capacity 8481K, committed 8576K, reserved 1048576K
}
Event: 11,270 GC heap before
{Heap before GC invocations=15 (full 1):
 PSYoungGen      total 275456K, used 39772K [0x0000000171380000, 0x0000000189a80000, 0x000000019be00000)
  eden space 265216K, 12% used [0x0000000171380000,0x00000001732bb1f0,0x0000000181680000)
  from space 10240K, 76% used [0x0000000181680000,0x0000000181e1c010,0x0000000182080000)
  to   space 10752K, 0% used [0x0000000189000000,0x0000000189000000,0x0000000189a80000)
 ParOldGen       total 57856K, used 12685K [0x000000011be00000, 0x000000011f680000, 0x0000000171380000)
  object space 57856K, 21% used [0x000000011be00000,0x000000011ca63750,0x000000011f680000)
 Metaspace       used 29462K, capacity 35462K, committed 35496K, reserved 1075200K
  class space    used 6778K, capacity 8871K, committed 8872K, reserved 1048576K
Event: 11,291 GC heap after
Heap after GC invocations=15 (full 1):
 PSYoungGen      total 390144K, used 5856K [0x0000000171380000, 0x0000000189f00000, 0x000000019be00000)
  eden space 379392K, 0% used [0x0000000171380000,0x0000000171380000,0x0000000188600000)
  from space 10752K, 54% used [0x0000000189000000,0x00000001895b8000,0x0000000189a80000)
  to   space 10240K, 0% used [0x0000000188600000,0x0000000188600000,0x0000000189000000)
 ParOldGen       total 57856K, used 14939K [0x000000011be00000, 0x000000011f680000, 0x0000000171380000)
  object space 57856K, 25% used [0x000000011be00000,0x000000011cc96d68,0x000000011f680000)
 Metaspace       used 29462K, capacity 35462K, committed 35496K, reserved 1075200K
  class space    used 6778K, capacity 8871K, committed 8872K, reserved 1048576K
}
Event: 11,291 GC heap before
{Heap before GC invocations=16 (full 2):
 PSYoungGen      total 390144K, used 5856K [0x0000000171380000, 0x0000000189f00000, 0x000000019be00000)
  eden space 379392K, 0% used [0x0000000171380000,0x0000000171380000,0x0000000188600000)
  from space 10752K, 54% used [0x0000000189000000,0x00000001895b8000,0x0000000189a80000)
  to   space 10240K, 0% used [0x0000000188600000,0x0000000188600000,0x0000000189000000)
 ParOldGen       total 57856K, used 14939K [0x000000011be00000, 0x000000011f680000, 0x0000000171380000)
  object space 57856K, 25% used [0x000000011be00000,0x000000011cc96d68,0x000000011f680000)
 Metaspace       used 29462K, capacity 35462K, committed 35496K, reserved 1075200K
  class space    used 6778K, capacity 8871K, committed 8872K, reserved 1048576K
Event: 11,566 GC heap after
Heap after GC invocations=16 (full 2):
 PSYoungGen      total 390144K, used 0K [0x0000000171380000, 0x0000000189f00000, 0x000000019be00000)
  eden space 379392K, 0% used [0x0000000171380000,0x0000000171380000,0x0000000188600000)
  from space 10752K, 0% used [0x0000000189000000,0x0000000189000000,0x0000000189a80000)
  to   space 10240K, 0% used [0x0000000188600000,0x0000000188600000,0x0000000189000000)
 ParOldGen       total 91648K, used 19676K [0x000000011be00000, 0x0000000121780000, 0x0000000171380000)
  object space 91648K, 21% used [0x000000011be00000,0x000000011d137358,0x0000000121780000)
 Metaspace       used 29462K, capacity 35462K, committed 35496K, reserved 1075200K
  class space    used 6778K, capacity 8871K, committed 8872K, reserved 1048576K
}
Event: 13,626 GC heap before
{Heap before GC invocations=17 (full 2):
 PSYoungGen      total 390144K, used 379392K [0x0000000171380000, 0x0000000189f00000, 0x000000019be00000)
  eden space 379392K, 100% used [0x0000000171380000,0x0000000188600000,0x0000000188600000)
  from space 10752K, 0% used [0x0000000189000000,0x0000000189000000,0x0000000189a80000)
  to   space 10240K, 0% used [0x0000000188600000,0x0000000188600000,0x0000000189000000)
 ParOldGen       total 91648K, used 19676K [0x000000011be00000, 0x0000000121780000, 0x0000000171380000)
  object space 91648K, 21% used [0x000000011be00000,0x000000011d137358,0x0000000121780000)
 Metaspace       used 33012K, capacity 41284K, committed 41512K, reserved 1081344K
  class space    used 7706K, capacity 10421K, committed 10536K, reserved 1048576K
Event: 13,642 GC heap after
Heap after GC invocations=17 (full 2):
 PSYoungGen      total 389632K, used 3648K [0x0000000171380000, 0x0000000191800000, 0x000000019be00000)
  eden space 379392K, 0% used [0x0000000171380000,0x0000000171380000,0x0000000188600000)
  from space 10240K, 35% used [0x0000000188600000,0x0000000188990010,0x0000000189000000)
  to   space 10240K, 0% used [0x0000000190e00000,0x0000000190e00000,0x0000000191800000)
 ParOldGen       total 91648K, used 19684K [0x000000011be00000, 0x0000000121780000, 0x0000000171380000)
  object space 91648K, 21% used [0x000000011be00000,0x000000011d139358,0x0000000121780000)
 Metaspace       used 33012K, capacity 41284K, committed 41512K, reserved 1081344K
  class space    used 7706K, capacity 10421K, committed 10536K, reserved 1048576K
}
Event: 18,431 GC heap before
{Heap before GC invocations=18 (full 2):
 PSYoungGen      total 389632K, used 383040K [0x0000000171380000, 0x0000000191800000, 0x000000019be00000)
  eden space 379392K, 100% used [0x0000000171380000,0x0000000188600000,0x0000000188600000)
  from space 10240K, 35% used [0x0000000188600000,0x0000000188990010,0x0000000189000000)
  to   space 10240K, 0% used [0x0000000190e00000,0x0000000190e00000,0x0000000191800000)
 ParOldGen       total 91648K, used 19684K [0x000000011be00000, 0x0000000121780000, 0x0000000171380000)
  object space 91648K, 21% used [0x000000011be00000,0x000000011d139358,0x0000000121780000)
 Metaspace       used 38924K, capacity 51306K, committed 51496K, reserved 1087488K
  class space    used 9438K, capacity 13488K, committed 13608K, reserved 1048576K
Event: 18,458 GC heap after
Heap after GC invocations=18 (full 2):
 PSYoungGen      total 503808K, used 9033K [0x0000000171380000, 0x0000000191700000, 0x000000019be00000)
  eden space 494592K, 0% used [0x0000000171380000,0x0000000171380000,0x000000018f680000)
  from space 9216K, 98% used [0x0000000190e00000,0x00000001916d2510,0x0000000191700000)
  to   space 11264K, 0% used [0x0000000190100000,0x0000000190100000,0x0000000190c00000)
 ParOldGen       total 91648K, used 19692K [0x000000011be00000, 0x0000000121780000, 0x0000000171380000)
  object space 91648K, 21% used [0x000000011be00000,0x000000011d13b358,0x0000000121780000)
 Metaspace       used 38924K, capacity 51306K, committed 51496K, reserved 1087488K
  class space    used 9438K, capacity 13488K, committed 13608K, reserved 1048576K
}

