# JRE version: Java(TM) SE Runtime Environment (8.0_60-b27) (build 1.8.0_60-b27)
# Java VM: Java HotSpot(TM) 64-Bit Server VM (25.60-b23 mixed mode bsd-amd64 compressed oops)
Heap:
 PSYoungGen      total 465408K, used 322354K [0x000000016e980000, 0x000000018dc00000, 0x0000000199400000)
  eden space 461824K, 69% used [0x000000016e980000,0x00000001820d4b80,0x000000018ac80000)
  from space 3584K, 99% used [0x000000018d880000,0x000000018dbf8000,0x000000018dc00000)
  to   space 11264K, 0% used [0x000000018c600000,0x000000018c600000,0x000000018d100000)
 ParOldGen       total 97280K, used 19455K [0x0000000119400000, 0x000000011f300000, 0x000000016e980000)
  object space 97280K, 19% used [0x0000000119400000,0x000000011a6fff58,0x000000011f300000)
 Metaspace       used 36250K, capacity 47762K, committed 47912K, reserved 1085440K
  class space    used 8384K, capacity 12005K, committed 12072K, reserved 1048576K
GC Heap History (10 events):
Event: 9,116 GC heap before
{Heap before GC invocations=10 (full 1):
 PSYoungGen      total 272896K, used 271936K [0x000000016e980000, 0x0000000181680000, 0x0000000199400000)
  eden space 264704K, 100% used [0x000000016e980000,0x000000017ec00000,0x000000017ec00000)
  from space 8192K, 88% used [0x000000017f480000,0x000000017fb90348,0x000000017fc80000)
  to   space 8704K, 0% used [0x000000017ec00000,0x000000017ec00000,0x000000017f480000)
 ParOldGen       total 58880K, used 6326K [0x0000000119400000, 0x000000011cd80000, 0x000000016e980000)
  object space 58880K, 10% used [0x0000000119400000,0x0000000119a2dab0,0x000000011cd80000)
 Metaspace       used 27245K, capacity 31796K, committed 31872K, reserved 1073152K
  class space    used 5887K, capacity 7486K, committed 7552K, reserved 1048576K
Event: 9,135 GC heap after
Heap after GC invocations=10 (full 1):
 PSYoungGen      total 273408K, used 7921K [0x000000016e980000, 0x0000000185b00000, 0x0000000199400000)
  eden space 264704K, 0% used [0x000000016e980000,0x000000016e980000,0x000000017ec00000)
  from space 8704K, 91% used [0x000000017ec00000,0x000000017f3bc7d0,0x000000017f480000)
  to   space 9216K, 0% used [0x0000000185200000,0x0000000185200000,0x0000000185b00000)
 ParOldGen       total 58880K, used 6326K [0x0000000119400000, 0x000000011cd80000, 0x000000016e980000)
  object space 58880K, 10% used [0x0000000119400000,0x0000000119a2dab0,0x000000011cd80000)
 Metaspace       used 27245K, capacity 31796K, committed 31872K, reserved 1073152K
  class space    used 5887K, capacity 7486K, committed 7552K, reserved 1048576K
}
Event: 9,610 GC heap before
{Heap before GC invocations=11 (full 1):
 PSYoungGen      total 273408K, used 272625K [0x000000016e980000, 0x0000000185b00000, 0x0000000199400000)
  eden space 264704K, 100% used [0x000000016e980000,0x000000017ec00000,0x000000017ec00000)
  from space 8704K, 91% used [0x000000017ec00000,0x000000017f3bc7d0,0x000000017f480000)
  to   space 9216K, 0% used [0x0000000185200000,0x0000000185200000,0x0000000185b00000)
 ParOldGen       total 58880K, used 6326K [0x0000000119400000, 0x000000011cd80000, 0x000000016e980000)
  object space 58880K, 10% used [0x0000000119400000,0x0000000119a2dab0,0x000000011cd80000)
 Metaspace       used 27594K, capacity 32370K, committed 32512K, reserved 1075200K
  class space    used 5987K, capacity 7628K, committed 7680K, reserved 1048576K
Event: 9,637 GC heap after
Heap after GC invocations=11 (full 1):
 PSYoungGen      total 367616K, used 9200K [0x000000016e980000, 0x0000000186580000, 0x0000000199400000)
  eden space 358400K, 0% used [0x000000016e980000,0x000000016e980000,0x0000000184780000)
  from space 9216K, 99% used [0x0000000185200000,0x0000000185afc010,0x0000000185b00000)
  to   space 10752K, 0% used [0x0000000184780000,0x0000000184780000,0x0000000185200000)
 ParOldGen       total 58880K, used 7640K [0x0000000119400000, 0x000000011cd80000, 0x000000016e980000)
  object space 58880K, 12% used [0x0000000119400000,0x0000000119b760d0,0x000000011cd80000)
 Metaspace       used 27594K, capacity 32370K, committed 32512K, reserved 1075200K
  class space    used 5987K, capacity 7628K, committed 7680K, reserved 1048576K
}
Event: 10,666 GC heap before
{Heap before GC invocations=12 (full 1):
 PSYoungGen      total 367616K, used 262472K [0x000000016e980000, 0x0000000186580000, 0x0000000199400000)
  eden space 358400K, 70% used [0x000000016e980000,0x000000017e0d6288,0x0000000184780000)
  from space 9216K, 99% used [0x0000000185200000,0x0000000185afc010,0x0000000185b00000)
  to   space 10752K, 0% used [0x0000000184780000,0x0000000184780000,0x0000000185200000)
 ParOldGen       total 58880K, used 7640K [0x0000000119400000, 0x000000011cd80000, 0x000000016e980000)
  object space 58880K, 12% used [0x0000000119400000,0x0000000119b760d0,0x000000011cd80000)
 Metaspace       used 29361K, capacity 35460K, committed 35496K, reserved 1077248K
  class space    used 6511K, capacity 8582K, committed 8616K, reserved 1048576K
Event: 10,699 GC heap after
Heap after GC invocations=12 (full 1):
 PSYoungGen      total 369152K, used 9568K [0x000000016e980000, 0x000000018e380000, 0x0000000199400000)
  eden space 358400K, 0% used [0x000000016e980000,0x000000016e980000,0x0000000184780000)
  from space 10752K, 88% used [0x0000000184780000,0x00000001850d8020,0x0000000185200000)
  to   space 11264K, 0% used [0x000000018d880000,0x000000018d880000,0x000000018e380000)
 ParOldGen       total 58880K, used 10520K [0x0000000119400000, 0x000000011cd80000, 0x000000016e980000)
  object space 58880K, 17% used [0x0000000119400000,0x0000000119e46110,0x000000011cd80000)
 Metaspace       used 29361K, capacity 35460K, committed 35496K, reserved 1077248K
  class space    used 6511K, capacity 8582K, committed 8616K, reserved 1048576K
}
Event: 10,699 GC heap before
{Heap before GC invocations=13 (full 2):
 PSYoungGen      total 369152K, used 9568K [0x000000016e980000, 0x000000018e380000, 0x0000000199400000)
  eden space 358400K, 0% used [0x000000016e980000,0x000000016e980000,0x0000000184780000)
  from space 10752K, 88% used [0x0000000184780000,0x00000001850d8020,0x0000000185200000)
  to   space 11264K, 0% used [0x000000018d880000,0x000000018d880000,0x000000018e380000)
 ParOldGen       total 58880K, used 10520K [0x0000000119400000, 0x000000011cd80000, 0x000000016e980000)
  object space 58880K, 17% used [0x0000000119400000,0x0000000119e46110,0x000000011cd80000)
 Metaspace       used 29361K, capacity 35460K, committed 35496K, reserved 1077248K
  class space    used 6511K, capacity 8582K, committed 8616K, reserved 1048576K
Event: 10,956 GC heap after
Heap after GC invocations=13 (full 2):
 PSYoungGen      total 369152K, used 0K [0x000000016e980000, 0x000000018e380000, 0x0000000199400000)
  eden space 358400K, 0% used [0x000000016e980000,0x000000016e980000,0x0000000184780000)
  from space 10752K, 0% used [0x0000000184780000,0x0000000184780000,0x0000000185200000)
  to   space 11264K, 0% used [0x000000018d880000,0x000000018d880000,0x000000018e380000)
 ParOldGen       total 97280K, used 19447K [0x0000000119400000, 0x000000011f300000, 0x000000016e980000)
  object space 97280K, 19% used [0x0000000119400000,0x000000011a6fdf58,0x000000011f300000)
 Metaspace       used 29361K, capacity 35460K, committed 35496K, reserved 1077248K
  class space    used 6511K, capacity 8582K, committed 8616K, reserved 1048576K
}
Event: 12,546 GC heap before
{Heap before GC invocations=14 (full 2):
 PSYoungGen      total 369152K, used 358400K [0x000000016e980000, 0x000000018e380000, 0x0000000199400000)
  eden space 358400K, 100% used [0x000000016e980000,0x0000000184780000,0x0000000184780000)
  from space 10752K, 0% used [0x0000000184780000,0x0000000184780000,0x0000000185200000)
  to   space 11264K, 0% used [0x000000018d880000,0x000000018d880000,0x000000018e380000)
 ParOldGen       total 97280K, used 19447K [0x0000000119400000, 0x000000011f300000, 0x000000016e980000)
  object space 97280K, 19% used [0x0000000119400000,0x000000011a6fdf58,0x000000011f300000)
 Metaspace       used 31935K, capacity 39778K, committed 39848K, reserved 1079296K
  class space    used 7134K, capacity 9588K, committed 9640K, reserved 1048576K
Event: 12,560 GC heap after
Heap after GC invocations=14 (full 2):
 PSYoungGen      total 465408K, used 3552K [0x000000016e980000, 0x000000018dc00000, 0x0000000199400000)
  eden space 461824K, 0% used [0x000000016e980000,0x000000016e980000,0x000000018ac80000)
  from space 3584K, 99% used [0x000000018d880000,0x000000018dbf8000,0x000000018dc00000)
  to   space 11264K, 0% used [0x000000018c600000,0x000000018c600000,0x000000018d100000)
 ParOldGen       total 97280K, used 19455K [0x0000000119400000, 0x000000011f300000, 0x000000016e980000)
  object space 97280K, 19% used [0x0000000119400000,0x000000011a6fff58,0x000000011f300000)
 Metaspace       used 31935K, capacity 39778K, committed 39848K, reserved 1079296K
  class space    used 7134K, capacity 9588K, committed 9640K, reserved 1048576K
}

