# JRE version: Java(TM) SE Runtime Environment (8.0_60-b27) (build 1.8.0_60-b27)
# Java VM: Java HotSpot(TM) 64-Bit Server VM (25.60-b23 mixed mode bsd-amd64 compressed oops)
Heap:
 PSYoungGen      total 527872K, used 377223K [0x000000016eb80000, 0x0000000192580000, 0x0000000199600000)
  eden space 523776K, 71% used [0x000000016eb80000,0x0000000185815de8,0x000000018eb00000)
  from space 4096K, 94% used [0x0000000192180000,0x000000019254c020,0x0000000192580000)
  to   space 11776K, 0% used [0x0000000190e80000,0x0000000190e80000,0x0000000191a00000)
 ParOldGen       total 92160K, used 19677K [0x0000000119600000, 0x000000011f000000, 0x000000016eb80000)
  object space 92160K, 21% used [0x0000000119600000,0x000000011a9375f8,0x000000011f000000)
 Metaspace       used 38979K, capacity 51272K, committed 51496K, reserved 1087488K
  class space    used 9442K, capacity 13490K, committed 13608K, reserved 1048576K
GC Heap History (10 events):
Event: 9,779 GC heap before
{Heap before GC invocations=10 (full 1):
 PSYoungGen      total 294400K, used 293906K [0x000000016eb80000, 0x0000000183000000, 0x0000000199600000)
  eden space 286208K, 100% used [0x000000016eb80000,0x0000000180300000,0x0000000180300000)
  from space 8192K, 93% used [0x0000000180b80000,0x0000000181304898,0x0000000181380000)
  to   space 8704K, 0% used [0x0000000180300000,0x0000000180300000,0x0000000180b80000)
 ParOldGen       total 58880K, used 8229K [0x0000000119600000, 0x000000011cf80000, 0x000000016eb80000)
  object space 58880K, 13% used [0x0000000119600000,0x0000000119e09660,0x000000011cf80000)
 Metaspace       used 28348K, capacity 33546K, committed 33664K, reserved 1075200K
  class space    used 6403K, capacity 8235K, committed 8320K, reserved 1048576K
Event: 9,811 GC heap after
Heap after GC invocations=10 (full 1):
 PSYoungGen      total 294912K, used 8701K [0x000000016eb80000, 0x0000000188000000, 0x0000000199600000)
  eden space 286208K, 0% used [0x000000016eb80000,0x000000016eb80000,0x0000000180300000)
  from space 8704K, 99% used [0x0000000180300000,0x0000000180b7f728,0x0000000180b80000)
  to   space 9728K, 0% used [0x0000000187680000,0x0000000187680000,0x0000000188000000)
 ParOldGen       total 58880K, used 8447K [0x0000000119600000, 0x000000011cf80000, 0x000000016eb80000)
  object space 58880K, 14% used [0x0000000119600000,0x0000000119e3ffb8,0x000000011cf80000)
 Metaspace       used 28348K, capacity 33546K, committed 33664K, reserved 1075200K
  class space    used 6403K, capacity 8235K, committed 8320K, reserved 1048576K
}
Event: 10,535 GC heap before
{Heap before GC invocations=11 (full 1):
 PSYoungGen      total 294912K, used 294909K [0x000000016eb80000, 0x0000000188000000, 0x0000000199600000)
  eden space 286208K, 100% used [0x000000016eb80000,0x0000000180300000,0x0000000180300000)
  from space 8704K, 99% used [0x0000000180300000,0x0000000180b7f728,0x0000000180b80000)
  to   space 9728K, 0% used [0x0000000187680000,0x0000000187680000,0x0000000188000000)
 ParOldGen       total 58880K, used 8447K [0x0000000119600000, 0x000000011cf80000, 0x000000016eb80000)
  object space 58880K, 14% used [0x0000000119600000,0x0000000119e3ffb8,0x000000011cf80000)
 Metaspace       used 28936K, capacity 34648K, committed 34688K, reserved 1075200K
  class space    used 6605K, capacity 8573K, committed 8576K, reserved 1048576K
Event: 10,578 GC heap after
Heap after GC invocations=11 (full 1):
 PSYoungGen      total 402432K, used 9724K [0x000000016eb80000, 0x0000000188b80000, 0x0000000199600000)
  eden space 392704K, 0% used [0x000000016eb80000,0x000000016eb80000,0x0000000186b00000)
  from space 9728K, 99% used [0x0000000187680000,0x0000000187fff268,0x0000000188000000)
  to   space 11776K, 0% used [0x0000000186b00000,0x0000000186b00000,0x0000000187680000)
 ParOldGen       total 58880K, used 11543K [0x0000000119600000, 0x000000011cf80000, 0x000000016eb80000)
  object space 58880K, 19% used [0x0000000119600000,0x000000011a145ff0,0x000000011cf80000)
 Metaspace       used 28936K, capacity 34648K, committed 34688K, reserved 1075200K
  class space    used 6605K, capacity 8573K, committed 8576K, reserved 1048576K
}
Event: 10,932 GC heap before
{Heap before GC invocations=12 (full 1):
 PSYoungGen      total 402432K, used 41429K [0x000000016eb80000, 0x0000000188b80000, 0x0000000199600000)
  eden space 392704K, 8% used [0x000000016eb80000,0x0000000170a76590,0x0000000186b00000)
  from space 9728K, 99% used [0x0000000187680000,0x0000000187fff268,0x0000000188000000)
  to   space 11776K, 0% used [0x0000000186b00000,0x0000000186b00000,0x0000000187680000)
 ParOldGen       total 58880K, used 11543K [0x0000000119600000, 0x000000011cf80000, 0x000000016eb80000)
  object space 58880K, 19% used [0x0000000119600000,0x000000011a145ff0,0x000000011cf80000)
 Metaspace       used 29470K, capacity 35482K, committed 35496K, reserved 1075200K
  class space    used 6776K, capacity 8871K, committed 8872K, reserved 1048576K
Event: 10,970 GC heap after
Heap after GC invocations=12 (full 1):
 PSYoungGen      total 404480K, used 7168K [0x000000016eb80000, 0x0000000192c80000, 0x0000000199600000)
  eden space 392704K, 0% used [0x000000016eb80000,0x000000016eb80000,0x0000000186b00000)
  from space 11776K, 60% used [0x0000000186b00000,0x0000000187200000,0x0000000187680000)
  to   space 11264K, 0% used [0x0000000192180000,0x0000000192180000,0x0000000192c80000)
 ParOldGen       total 58880K, used 14452K [0x0000000119600000, 0x000000011cf80000, 0x000000016eb80000)
  object space 58880K, 24% used [0x0000000119600000,0x000000011a41d370,0x000000011cf80000)
 Metaspace       used 29470K, capacity 35482K, committed 35496K, reserved 1075200K
  class space    used 6776K, capacity 8871K, committed 8872K, reserved 1048576K
}
Event: 10,970 GC heap before
{Heap before GC invocations=13 (full 2):
 PSYoungGen      total 404480K, used 7168K [0x000000016eb80000, 0x0000000192c80000, 0x0000000199600000)
  eden space 392704K, 0% used [0x000000016eb80000,0x000000016eb80000,0x0000000186b00000)
  from space 11776K, 60% used [0x0000000186b00000,0x0000000187200000,0x0000000187680000)
  to   space 11264K, 0% used [0x0000000192180000,0x0000000192180000,0x0000000192c80000)
 ParOldGen       total 58880K, used 14452K [0x0000000119600000, 0x000000011cf80000, 0x000000016eb80000)
  object space 58880K, 24% used [0x0000000119600000,0x000000011a41d370,0x000000011cf80000)
 Metaspace       used 29470K, capacity 35482K, committed 35496K, reserved 1075200K
  class space    used 6776K, capacity 8871K, committed 8872K, reserved 1048576K
Event: 11,280 GC heap after
Heap after GC invocations=13 (full 2):
 PSYoungGen      total 404480K, used 0K [0x000000016eb80000, 0x0000000192c80000, 0x0000000199600000)
  eden space 392704K, 0% used [0x000000016eb80000,0x000000016eb80000,0x0000000186b00000)
  from space 11776K, 0% used [0x0000000186b00000,0x0000000186b00000,0x0000000187680000)
  to   space 11264K, 0% used [0x0000000192180000,0x0000000192180000,0x0000000192c80000)
 ParOldGen       total 92160K, used 19669K [0x0000000119600000, 0x000000011f000000, 0x000000016eb80000)
  object space 92160K, 21% used [0x0000000119600000,0x000000011a9355f8,0x000000011f000000)
 Metaspace       used 29470K, capacity 35482K, committed 35496K, reserved 1075200K
  class space    used 6776K, capacity 8871K, committed 8872K, reserved 1048576K
}
Event: 13,759 GC heap before
{Heap before GC invocations=14 (full 2):
 PSYoungGen      total 404480K, used 392704K [0x000000016eb80000, 0x0000000192c80000, 0x0000000199600000)
  eden space 392704K, 100% used [0x000000016eb80000,0x0000000186b00000,0x0000000186b00000)
  from space 11776K, 0% used [0x0000000186b00000,0x0000000186b00000,0x0000000187680000)
  to   space 11264K, 0% used [0x0000000192180000,0x0000000192180000,0x0000000192c80000)
 ParOldGen       total 92160K, used 19669K [0x0000000119600000, 0x000000011f000000, 0x000000016eb80000)
  object space 92160K, 21% used [0x0000000119600000,0x000000011a9355f8,0x000000011f000000)
 Metaspace       used 33062K, capacity 41314K, committed 41512K, reserved 1081344K
  class space    used 7717K, capacity 10439K, committed 10536K, reserved 1048576K
Event: 13,782 GC heap after
Heap after GC invocations=14 (full 2):
 PSYoungGen      total 527872K, used 3888K [0x000000016eb80000, 0x0000000192580000, 0x0000000199600000)
  eden space 523776K, 0% used [0x000000016eb80000,0x000000016eb80000,0x000000018eb00000)
  from space 4096K, 94% used [0x0000000192180000,0x000000019254c020,0x0000000192580000)
  to   space 11776K, 0% used [0x0000000190e80000,0x0000000190e80000,0x0000000191a00000)
 ParOldGen       total 92160K, used 19677K [0x0000000119600000, 0x000000011f000000, 0x000000016eb80000)
  object space 92160K, 21% used [0x0000000119600000,0x000000011a9375f8,0x000000011f000000)
 Metaspace       used 33062K, capacity 41314K, committed 41512K, reserved 1081344K
  class space    used 7717K, capacity 10439K, committed 10536K, reserved 1048576K
}

